Sat May 25 13:35:03 NZST 2024 : Apache Derby Network Server - 10.14.2.0 - (1828579) started and ready to accept connections on port 1527
----------------------------------------------------------------
Sat May 25 13:36:28 NZST 2024:
Booting Derby version The Apache Software Foundation - Apache Derby - 10.14.2.0 - (1828579): instance a816c00e-018f-ad63-172a-000042755595 
on database directory /Users/ddc/NetBeansProjects/JavaRPG.FinalBuild1/src/JavaDB/GameInfoDB with class loader jdk.internal.loader.ClassLoaders$AppClassLoader@531d72ca 
Loaded from file:/Users/ddc/Desktop/AUT%20Quick%20Folder/Yr2%20Sem1/COMP603/db-derby-10.14.2.0-bin/lib/derby.jar
java.vendor=Eclipse Adoptium
java.runtime.version=17.0.6+10
user.dir=/Users/ddc/Desktop/AUT Quick Folder/Yr2 Sem1/COMP603/db-derby-10.14.2.0-bin
os.name=Mac OS X
os.arch=aarch64
os.version=12.3
derby.system.home=/Users/ddc/NetBeansProjects/JavaRPG.FinalBuild1/src/JavaDB
Database Class Loader started - derby.database.classpath=''
----------------------------------------------------------------
Sat May 25 13:36:28 NZST 2024:
Shutting down instance a816c00e-018f-ad63-172a-000042755595 on database directory /Users/ddc/NetBeansProjects/JavaRPG.FinalBuild1/src/JavaDB/GameInfoDB with class loader jdk.internal.loader.ClassLoaders$AppClassLoader@531d72ca 
Sat May 25 13:36:28 NZST 2024 Thread[DRDAConnThread_3,5,main] (DATABASE = GameInfoDB), (DRDAID = {2}), Database 'GameInfoDB' shutdown.
----------------------------------------------------------------
Sat May 25 13:36:33 NZST 2024:
Booting Derby version The Apache Software Foundation - Apache Derby - 10.14.2.0 - (1828579): instance 6ede40af-018f-ad63-172a-000042755595 
on database directory /Users/ddc/NetBeansProjects/JavaRPG.FinalBuild1/src/JavaDB/GameInfoDB with class loader jdk.internal.loader.ClassLoaders$AppClassLoader@531d72ca 
Loaded from file:/Users/ddc/Desktop/AUT%20Quick%20Folder/Yr2%20Sem1/COMP603/db-derby-10.14.2.0-bin/lib/derby.jar
java.vendor=Eclipse Adoptium
java.runtime.version=17.0.6+10
user.dir=/Users/ddc/Desktop/AUT Quick Folder/Yr2 Sem1/COMP603/db-derby-10.14.2.0-bin
os.name=Mac OS X
os.arch=aarch64
os.version=12.3
derby.system.home=/Users/ddc/NetBeansProjects/JavaRPG.FinalBuild1/src/JavaDB
Database Class Loader started - derby.database.classpath=''
Mon May 27 18:32:01 NZST 2024 Thread[DRDAConnThread_2,5,main] Cleanup action starting
java.sql.SQLException: Database 'BookStoreDB' not found.
	at org.apache.derby.impl.jdbc.SQLExceptionFactory.getSQLException(Unknown Source)
	at org.apache.derby.impl.jdbc.SQLExceptionFactory.getSQLException(Unknown Source)
	at org.apache.derby.impl.jdbc.Util.generateCsSQLException(Unknown Source)
	at org.apache.derby.impl.jdbc.Util.generateCsSQLException(Unknown Source)
	at org.apache.derby.impl.jdbc.EmbedConnection.newSQLException(Unknown Source)
	at org.apache.derby.impl.jdbc.EmbedConnection.handleDBNotFound(Unknown Source)
	at org.apache.derby.impl.jdbc.EmbedConnection.<init>(Unknown Source)
	at org.apache.derby.jdbc.InternalDriver$1.run(Unknown Source)
	at org.apache.derby.jdbc.InternalDriver$1.run(Unknown Source)
	at java.base/java.security.AccessController.doPrivileged(AccessController.java:569)
	at org.apache.derby.jdbc.InternalDriver.getNewEmbedConnection(Unknown Source)
	at org.apache.derby.jdbc.InternalDriver.connect(Unknown Source)
	at org.apache.derby.jdbc.InternalDriver.connect(Unknown Source)
	at org.apache.derby.jdbc.EmbeddedDriver.connect(Unknown Source)
	at org.apache.derby.impl.drda.Database.makeConnection(Unknown Source)
	at org.apache.derby.impl.drda.DRDAConnThread.getConnFromDatabaseName(Unknown Source)
	at org.apache.derby.impl.drda.DRDAConnThread.verifyUserIdPassword(Unknown Source)
	at org.apache.derby.impl.drda.DRDAConnThread.parseSECCHK(Unknown Source)
	at org.apache.derby.impl.drda.DRDAConnThread.parseDRDAConnection(Unknown Source)
	at org.apache.derby.impl.drda.DRDAConnThread.processCommands(Unknown Source)
	at org.apache.derby.impl.drda.DRDAConnThread.run(Unknown Source)
Caused by: ERROR XJ004: Database 'BookStoreDB' not found.
	at org.apache.derby.iapi.error.StandardException.newException(Unknown Source)
	at org.apache.derby.impl.jdbc.SQLExceptionFactory.wrapArgsForTransportAcrossDRDA(Unknown Source)
	... 21 more
============= begin nested exception, level (1) ===========
ERROR XJ004: Database 'BookStoreDB' not found.
	at org.apache.derby.iapi.error.StandardException.newException(Unknown Source)
	at org.apache.derby.impl.jdbc.SQLExceptionFactory.wrapArgsForTransportAcrossDRDA(Unknown Source)
	at org.apache.derby.impl.jdbc.SQLExceptionFactory.getSQLException(Unknown Source)
	at org.apache.derby.impl.jdbc.SQLExceptionFactory.getSQLException(Unknown Source)
	at org.apache.derby.impl.jdbc.Util.generateCsSQLException(Unknown Source)
	at org.apache.derby.impl.jdbc.Util.generateCsSQLException(Unknown Source)
	at org.apache.derby.impl.jdbc.EmbedConnection.newSQLException(Unknown Source)
	at org.apache.derby.impl.jdbc.EmbedConnection.handleDBNotFound(Unknown Source)
	at org.apache.derby.impl.jdbc.EmbedConnection.<init>(Unknown Source)
	at org.apache.derby.jdbc.InternalDriver$1.run(Unknown Source)
	at org.apache.derby.jdbc.InternalDriver$1.run(Unknown Source)
	at java.base/java.security.AccessController.doPrivileged(AccessController.java:569)
	at org.apache.derby.jdbc.InternalDriver.getNewEmbedConnection(Unknown Source)
	at org.apache.derby.jdbc.InternalDriver.connect(Unknown Source)
	at org.apache.derby.jdbc.InternalDriver.connect(Unknown Source)
	at org.apache.derby.jdbc.EmbeddedDriver.connect(Unknown Source)
	at org.apache.derby.impl.drda.Database.makeConnection(Unknown Source)
	at org.apache.derby.impl.drda.DRDAConnThread.getConnFromDatabaseName(Unknown Source)
	at org.apache.derby.impl.drda.DRDAConnThread.verifyUserIdPassword(Unknown Source)
	at org.apache.derby.impl.drda.DRDAConnThread.parseSECCHK(Unknown Source)
	at org.apache.derby.impl.drda.DRDAConnThread.parseDRDAConnection(Unknown Source)
	at org.apache.derby.impl.drda.DRDAConnThread.processCommands(Unknown Source)
	at org.apache.derby.impl.drda.DRDAConnThread.run(Unknown Source)
============= end nested exception, level (1) ===========
Cleanup action completed
Mon May 27 18:32:01 NZST 2024 Thread[DRDAConnThread_2,5,main] (DATABASE = BookStoreDB), (DRDAID = {5}), Database 'BookStoreDB' not found.
